  Project1.cpp
C:\Users\Panda\Desktop\OpenGLSample\OpenGLSample\shader.h(57,34): warning C4101: 'e': unreferenced local variable
C:\Users\Panda\Desktop\OpenGLSample\OpenGLSample\Project1.cpp(256,22): warning C4244: 'initializing': conversion from 'double' to 'float', possible loss of data
C:\Users\Panda\Desktop\OpenGLSample\OpenGLSample\Project1.cpp(291,56): warning C4305: 'argument': truncation from 'double' to 'float'
C:\Users\Panda\Desktop\OpenGLSample\OpenGLSample\Project1.cpp(292,60): warning C4305: 'argument': truncation from 'double' to 'float'
C:\Users\Panda\Desktop\OpenGLSample\OpenGLSample\Project1.cpp(299,56): warning C4305: 'argument': truncation from 'double' to 'float'
C:\Users\Panda\Desktop\OpenGLSample\OpenGLSample\Project1.cpp(300,60): warning C4305: 'argument': truncation from 'double' to 'float'
C:\Users\Panda\Desktop\OpenGLSample\OpenGLSample\Project1.cpp(307,56): warning C4305: 'argument': truncation from 'double' to 'float'
C:\Users\Panda\Desktop\OpenGLSample\OpenGLSample\Project1.cpp(308,60): warning C4305: 'argument': truncation from 'double' to 'float'
C:\Users\Panda\Desktop\OpenGLSample\OpenGLSample\Project1.cpp(315,56): warning C4305: 'argument': truncation from 'double' to 'float'
C:\Users\Panda\Desktop\OpenGLSample\OpenGLSample\Project1.cpp(316,60): warning C4305: 'argument': truncation from 'double' to 'float'
C:\Users\Panda\Desktop\OpenGLSample\OpenGLSample\Project1.cpp(324,51): warning C4305: 'argument': truncation from 'double' to 'float'
C:\Users\Panda\Desktop\OpenGLSample\OpenGLSample\Project1.cpp(325,55): warning C4305: 'argument': truncation from 'double' to 'float'
C:\Users\Panda\Desktop\OpenGLSample\OpenGLSample\Project1.cpp(432,11): warning C4244: '=': conversion from 'double' to 'float', possible loss of data
C:\Users\Panda\Desktop\OpenGLSample\OpenGLSample\Project1.cpp(433,11): warning C4244: '=': conversion from 'double' to 'float', possible loss of data
C:\Users\Panda\Desktop\OpenGLSample\OpenGLSample\Project1.cpp(437,16): warning C4244: 'initializing': conversion from 'double' to 'float', possible loss of data
C:\Users\Panda\Desktop\OpenGLSample\OpenGLSample\Project1.cpp(438,16): warning C4244: 'initializing': conversion from 'double' to 'float', possible loss of data
C:\Users\Panda\Desktop\OpenGLSample\OpenGLSample\Project1.cpp(440,10): warning C4244: '=': conversion from 'double' to 'float', possible loss of data
C:\Users\Panda\Desktop\OpenGLSample\OpenGLSample\Project1.cpp(441,10): warning C4244: '=': conversion from 'double' to 'float', possible loss of data
C:\Users\Panda\Desktop\OpenGLSample\OpenGLSample\Project1.cpp(450,28): warning C4244: 'argument': conversion from 'double' to 'float', possible loss of data
  Generating code
  1 of 457 functions ( 0.2%) were compiled, the rest were copied from previous compilation.
    0 functions were new in current compilation
    9 functions had inline decision re-evaluated but remain unchanged
  Finished generating code
  OpenGLSample.vcxproj -> C:\Users\Panda\Desktop\OpenGLSample\Release\OpenGLSample.exe
